#
# A fatal error has been detected by the Java Runtime Environment:
#
#  EXCEPTION_ACCESS_VIOLATION (0xc0000005) at pc=0x00007ffddcf664c6, pid=46160, tid=55404
#
# JRE version: OpenJDK Runtime Environment Temurin-17.0.2+8 (17.0.2+8) (build 17.0.2+8)
# Java VM: OpenJDK 64-Bit Server VM Temurin-17.0.2+8 (17.0.2+8, mixed mode, emulated-client, tiered, compressed oops, compressed class ptrs, g1 gc, windows-amd64)
# Problematic frame:
# V  [jvm.dll+0x3864c6]
#
# No core dump will be written. Minidumps are not enabled by default on client versions of Windows
#
# If you would like to submit a bug report, please visit:
#   https://github.com/adoptium/adoptium-support/issues
#

---------------  S U M M A R Y ------------

Command Line: -Dcom.sun.management.jmxremote -Dcom.sun.management.jmxremote.port=50966 -Dcom.sun.management.jmxremote.authenticate=false -Dcom.sun.management.jmxremote.ssl=false -Djava.rmi.server.hostname=localhost -Dspring.jmx.enabled=true -Dmanagement.endpoints.jmx.exposure.include=* -Dspring.application.admin.enabled=true -XX:TieredStopAtLevel=1 -Dspring.boot.project.name=EmployeeService -Dfile.encoding=UTF-8 -XX:+ShowCodeDetailsInExceptionMessages com.empdata.EmployeeServiceApplication

Host: Intel(R) Core(TM) i3-8100 CPU @ 3.60GHz, 4 cores, 7G,  Windows 10 , 64 bit Build 19041 (10.0.19041.2364)
Time: Mon Jul  3 13:37:09 2023 India Standard Time elapsed time: 78035.146982 seconds (0d 21h 40m 35s)

---------------  T H R E A D  ---------------

Current thread (0x000001a091087750):  JavaThread "test connection adder" daemon [_thread_in_vm, id=55404, stack(0x00000068c0b00000,0x00000068c0c00000)]

Stack: [0x00000068c0b00000,0x00000068c0c00000],  sp=0x00000068c0bf9330,  free space=996k
Native frames: (J=compiled Java code, j=interpreted, Vv=VM code, C=native code)
V  [jvm.dll+0x3864c6]
V  [jvm.dll+0x675572]
V  [jvm.dll+0x38616e]
V  [jvm.dll+0x36b66f]
V  [jvm.dll+0x36ef25]
V  [jvm.dll+0x36eb18]
V  [jvm.dll+0x55ca95]
V  [jvm.dll+0x55bbbd]
V  [jvm.dll+0x6db0ad]
V  [jvm.dll+0x6de34e]
V  [jvm.dll+0x6dde0b]
